{"type":"perf.hot.span","rank":1,"name":"raster","unit":"ms","agg":"sum","ms":149.246,"count":1,"avg_ms":149.246}
{"type":"perf.hot.span","rank":2,"name":"css.parse","unit":"ms","agg":"sum","ms":89.231,"count":2,"avg_ms":44.615}
{"type":"perf.hot.span","rank":3,"name":"pdf.link","unit":"ms","agg":"sum","ms":66.732,"count":1,"avg_ms":66.732}
{"type":"perf.hot.span","rank":4,"name":"story","unit":"ms","agg":"sum","ms":25.331,"count":2,"avg_ms":12.665}
{"type":"perf.hot.span","rank":5,"name":"story.collect","unit":"ms","agg":"sum","ms":24.525,"count":2,"avg_ms":12.262}
{"type":"perf.hot.span","rank":6,"name":"layout","unit":"ms","agg":"sum","ms":23.183,"count":2,"avg_ms":11.591}
{"type":"perf.hot.span","rank":7,"name":"layout.flex.wrap","unit":"ms","agg":"sum","ms":16.650,"count":12,"avg_ms":1.388}
{"type":"perf.hot.span","rank":8,"name":"layout.text.lines","unit":"ms","agg":"sum","ms":16.554,"count":408,"avg_ms":0.041}
{"type":"perf.hot.span","rank":9,"name":"layout.text.wrap","unit":"ms","agg":"sum","ms":16.504,"count":272,"avg_ms":0.061}
{"type":"perf.hot.span","rank":10,"name":"story.style.compute","unit":"ms","agg":"sum","ms":11.297,"count":216,"avg_ms":0.052}
{"type":"perf.hot.span","rank":11,"name":"layout.flex.draw","unit":"ms","agg":"sum","ms":6.161,"count":6,"avg_ms":1.027}
{"type":"perf.hot.span","rank":12,"name":"layout.text.draw","unit":"ms","agg":"sum","ms":4.422,"count":136,"avg_ms":0.033}
{"type":"perf.hot.span","rank":13,"name":"story.element_info","unit":"ms","agg":"sum","ms":0.398,"count":216,"avg_ms":0.002}
{"type":"perf.hot.span","rank":14,"name":"story.parse_html","unit":"ms","agg":"sum","ms":0.366,"count":2,"avg_ms":0.183}
{"type":"perf.hot.span","rank":15,"name":"plan","unit":"ms","agg":"sum","ms":0.213,"count":2,"avg_ms":0.107}
{"type":"perf.hot.span","rank":16,"name":"story.style.root","unit":"ms","agg":"sum","ms":0.170,"count":2,"avg_ms":0.085}
{"type":"perf.hot.span","rank":17,"name":"story.style.body","unit":"ms","agg":"sum","ms":0.099,"count":2,"avg_ms":0.050}
{"type":"perf.hot.span","rank":18,"name":"finalize","unit":"ms","agg":"sum","ms":0.082,"count":2,"avg_ms":0.041}
{"type":"perf.hot.span","rank":19,"name":"story.text.extract","unit":"ms","agg":"sum","ms":0.060,"count":60,"avg_ms":0.001}
{"type":"perf.hot.span","rank":20,"name":"story.text.normalize","unit":"ms","agg":"sum","ms":0.052,"count":184,"avg_ms":0.000}
{"type":"perf.hot.span","rank":21,"name":"story.text.transform","unit":"ms","agg":"sum","ms":0.029,"count":60,"avg_ms":0.000}
{"type":"perf.hot.span","rank":22,"name":"story.glyph.report","unit":"ms","agg":"sum","ms":0.003,"count":60,"avg_ms":0.000}
{"type":"perf.hot.span","rank":23,"name":"story.flowables","unit":"ms","agg":"sum","ms":0.001,"count":2,"avg_ms":0.000}
{"type":"perf.hot.count","rank":1,"name":"pdf.link.bytes","value":4190264}
{"type":"perf.hot.count","rank":2,"name":"css.parse.bytes","value":317754}
{"type":"perf.hot.count","rank":3,"name":"layout.text.counts.bytes","value":10956}
{"type":"perf.hot.count","rank":4,"name":"doc.commands","value":1048}
{"type":"perf.hot.count","rank":5,"name":"layout.text.width.cache_miss","value":882}
{"type":"perf.hot.count","rank":6,"name":"story.nodes.nodes","value":564}
{"type":"perf.hot.count","rank":7,"name":"layout.text.counts.lines","value":414}
{"type":"perf.hot.count","rank":8,"name":"layout.text.counts.cache_hit","value":272}
{"type":"perf.hot.count","rank":9,"name":"story.nodes.elements","value":228}
{"type":"perf.hot.count","rank":10,"name":"story.elements.count","value":216}
{"type":"perf.hot.count","rank":11,"name":"story.text_nodes.count","value":184}
{"type":"perf.hot.count","rank":12,"name":"story.attrs.count","value":166}
{"type":"perf.hot.count","rank":13,"name":"story.classes.count","value":166}
{"type":"perf.hot.count","rank":14,"name":"layout.text.counts.cache_miss","value":136}
{"type":"perf.hot.count","rank":15,"name":"layout.flex.counts.items","value":32}
{"type":"perf.hot.count","rank":16,"name":"layout.text.width.cache_hit","value":22}
{"type":"perf.hot.count","rank":17,"name":"layout.flex.counts.lines","value":12}
{"type":"perf.hot.count","rank":18,"name":"doc.pages","value":2}
{"type":"perf.hot.count","rank":19,"name":"story.items.layout_items","value":2}
{"type":"perf.hot.count","rank":20,"name":"story.flowables.flowables","value":2}
{"type":"perf.hot.count","rank":21,"name":"pdf.link.shadings","value":1}
{"type":"perf.hot.count","rank":22,"name":"raster.pages","value":1}
{"type":"perf.hot.count","rank":23,"name":"pdf.link.pages","value":1}
{"type":"perf.hot.count","rank":24,"name":"pdf.link.fonts","value":1}
{"type":"perf.hot.count","rank":25,"name":"pdf.link.image_bytes","value":0}
{"type":"perf.hot.count","rank":26,"name":"pdf.link.extgstates","value":0}
{"type":"perf.hot.count","rank":27,"name":"pdf.link.images","value":0}
{"type":"perf.hot.count","rank":28,"name":"pdf.link.forms","value":0}
