{"type":"perf.hot.span","rank":1,"name":"css.parse","unit":"ms","agg":"sum","ms":146.063,"count":2,"avg_ms":73.032}
{"type":"perf.hot.span","rank":2,"name":"raster","unit":"ms","agg":"sum","ms":104.561,"count":1,"avg_ms":104.561}
{"type":"perf.hot.span","rank":3,"name":"story","unit":"ms","agg":"sum","ms":49.712,"count":2,"avg_ms":24.856}
{"type":"perf.hot.span","rank":4,"name":"story.collect","unit":"ms","agg":"sum","ms":47.769,"count":2,"avg_ms":23.885}
{"type":"perf.hot.span","rank":5,"name":"pdf.link","unit":"ms","agg":"sum","ms":40.191,"count":1,"avg_ms":40.191}
{"type":"perf.hot.span","rank":6,"name":"story.table","unit":"ms","agg":"sum","ms":39.000,"count":8,"avg_ms":4.875}
{"type":"perf.hot.span","rank":7,"name":"layout","unit":"ms","agg":"sum","ms":34.503,"count":2,"avg_ms":17.251}
{"type":"perf.hot.span","rank":8,"name":"layout.table.wrap","unit":"ms","agg":"sum","ms":20.055,"count":48,"avg_ms":0.418}
{"type":"perf.hot.span","rank":9,"name":"story.table.cell_style","unit":"ms","agg":"sum","ms":13.870,"count":8,"avg_ms":1.734}
{"type":"perf.hot.span","rank":10,"name":"layout.table.draw","unit":"ms","agg":"sum","ms":9.994,"count":10,"avg_ms":0.999}
{"type":"perf.hot.span","rank":11,"name":"story.style.compute","unit":"ms","agg":"sum","ms":7.947,"count":94,"avg_ms":0.085}
{"type":"perf.hot.span","rank":12,"name":"story.table.row_style","unit":"ms","agg":"sum","ms":7.857,"count":8,"avg_ms":0.982}
{"type":"perf.hot.span","rank":13,"name":"layout.tablecell.lines","unit":"ms","agg":"sum","ms":5.260,"count":1064,"avg_ms":0.005}
{"type":"perf.hot.span","rank":14,"name":"layout.text.wrap","unit":"ms","agg":"sum","ms":3.916,"count":258,"avg_ms":0.015}
{"type":"perf.hot.span","rank":15,"name":"layout.text.lines","unit":"ms","agg":"sum","ms":3.625,"count":304,"avg_ms":0.012}
{"type":"perf.hot.span","rank":16,"name":"layout.flex.wrap","unit":"ms","agg":"sum","ms":2.214,"count":8,"avg_ms":0.277}
{"type":"perf.hot.span","rank":17,"name":"layout.text.draw","unit":"ms","agg":"sum","ms":1.378,"count":46,"avg_ms":0.030}
{"type":"perf.hot.span","rank":18,"name":"layout.flex.draw","unit":"ms","agg":"sum","ms":1.364,"count":4,"avg_ms":0.341}
{"type":"perf.hot.span","rank":19,"name":"story.table.cell_info","unit":"ms","agg":"sum","ms":1.216,"count":8,"avg_ms":0.152}
{"type":"perf.hot.span","rank":20,"name":"story.parse_html","unit":"ms","agg":"sum","ms":1.104,"count":2,"avg_ms":0.552}
{"type":"perf.hot.span","rank":21,"name":"layout.inline.wrap","unit":"ms","agg":"sum","ms":0.571,"count":148,"avg_ms":0.004}
{"type":"perf.hot.span","rank":22,"name":"story.table.row_info","unit":"ms","agg":"sum","ms":0.421,"count":8,"avg_ms":0.053}
{"type":"perf.hot.span","rank":23,"name":"story.element_info","unit":"ms","agg":"sum","ms":0.368,"count":94,"avg_ms":0.004}
{"type":"perf.hot.span","rank":24,"name":"story.style.root","unit":"ms","agg":"sum","ms":0.307,"count":2,"avg_ms":0.154}
{"type":"perf.hot.span","rank":25,"name":"svg.compile","unit":"ms","agg":"sum","ms":0.272,"count":8,"avg_ms":0.034}
{"type":"perf.hot.span","rank":26,"name":"story.style.body","unit":"ms","agg":"sum","ms":0.199,"count":2,"avg_ms":0.099}
{"type":"perf.hot.span","rank":27,"name":"layout.inline.draw","unit":"ms","agg":"sum","ms":0.117,"count":8,"avg_ms":0.015}
{"type":"perf.hot.span","rank":28,"name":"story.table.cell_text","unit":"ms","agg":"sum","ms":0.067,"count":8,"avg_ms":0.008}
{"type":"perf.hot.span","rank":29,"name":"story.text.extract","unit":"ms","agg":"sum","ms":0.051,"count":40,"avg_ms":0.001}
{"type":"perf.hot.span","rank":30,"name":"plan","unit":"ms","agg":"sum","ms":0.040,"count":2,"avg_ms":0.020}
{"type":"perf.hot.span","rank":31,"name":"finalize","unit":"ms","agg":"sum","ms":0.010,"count":2,"avg_ms":0.005}
{"type":"perf.hot.span","rank":32,"name":"story.text.transform","unit":"ms","agg":"sum","ms":0.009,"count":46,"avg_ms":0.000}
{"type":"perf.hot.span","rank":33,"name":"story.table.glyph_report","unit":"ms","agg":"sum","ms":0.008,"count":8,"avg_ms":0.001}
{"type":"perf.hot.span","rank":34,"name":"story.text.normalize","unit":"ms","agg":"sum","ms":0.008,"count":6,"avg_ms":0.001}
{"type":"perf.hot.span","rank":35,"name":"story.glyph.report","unit":"ms","agg":"sum","ms":0.003,"count":46,"avg_ms":0.000}
{"type":"perf.hot.span","rank":36,"name":"story.flowables","unit":"ms","agg":"sum","ms":0.001,"count":2,"avg_ms":0.000}
{"type":"perf.hot.count","rank":1,"name":"pdf.link.bytes","value":1811609}
{"type":"perf.hot.count","rank":2,"name":"css.parse.bytes","value":328248}
{"type":"perf.hot.count","rank":3,"name":"layout.tablecell.counts.bytes","value":10816}
{"type":"perf.hot.count","rank":4,"name":"layout.text.counts.bytes","value":5828}
{"type":"perf.hot.count","rank":5,"name":"layout.tablecell.width.cache_hit","value":4546}
{"type":"perf.hot.count","rank":6,"name":"svg.compile.bytes","value":3286}
{"type":"perf.hot.count","rank":7,"name":"doc.commands","value":1996}
{"type":"perf.hot.count","rank":8,"name":"story.table.text_chars","value":1558}
{"type":"perf.hot.count","rank":9,"name":"layout.tablecell.counts.lines","value":1064}
{"type":"perf.hot.count","rank":10,"name":"layout.tablecell.counts.cache_hit","value":912}
{"type":"perf.hot.count","rank":11,"name":"story.nodes.nodes","value":582}
{"type":"perf.hot.count","rank":12,"name":"layout.tablecell.width.cache_miss","value":478}
{"type":"perf.hot.count","rank":13,"name":"story.nodes.elements","value":374}
{"type":"perf.hot.count","rank":14,"name":"layout.text.counts.lines","value":348}
{"type":"perf.hot.count","rank":15,"name":"layout.table.counts.body_rows","value":246}
{"type":"perf.hot.count","rank":16,"name":"layout.text.counts.cache_hit","value":228}
{"type":"perf.hot.count","rank":17,"name":"layout.text.width.cache_hit","value":222}
{"type":"perf.hot.count","rank":18,"name":"layout.text.width.cache_miss","value":182}
{"type":"perf.hot.count","rank":19,"name":"story.table.cell_style_cache_miss","value":172}
{"type":"perf.hot.count","rank":20,"name":"story.table.cells","value":172}
{"type":"perf.hot.count","rank":21,"name":"story.table.cell_info_calls","value":172}
{"type":"perf.hot.count","rank":22,"name":"story.attrs.count","value":156}
{"type":"perf.hot.count","rank":23,"name":"layout.tablecell.counts.cache_miss","value":152}
{"type":"perf.hot.count","rank":24,"name":"story.table.glyph_report_calls","value":152}
{"type":"perf.hot.count","rank":25,"name":"layout.inline.counts.items","value":148}
{"type":"perf.hot.count","rank":26,"name":"layout.table.counts.cols","value":124}
{"type":"perf.hot.count","rank":27,"name":"story.classes.count","value":108}
{"type":"perf.hot.count","rank":28,"name":"story.elements.count","value":94}
{"type":"perf.hot.count","rank":29,"name":"layout.text.counts.cache_miss","value":76}
{"type":"perf.hot.count","rank":30,"name":"story.table.rows","value":48}
{"type":"perf.hot.count","rank":31,"name":"story.table.row_style_cache_miss","value":48}
{"type":"perf.hot.count","rank":32,"name":"story.table.row_info_calls","value":48}
{"type":"perf.hot.count","rank":33,"name":"layout.flex.counts.items","value":24}
{"type":"perf.hot.count","rank":34,"name":"layout.table.counts.header_rows","value":14}
{"type":"perf.hot.count","rank":35,"name":"layout.flex.counts.lines","value":8}
{"type":"perf.hot.count","rank":36,"name":"story.text_nodes.count","value":6}
{"type":"perf.hot.count","rank":37,"name":"doc.pages","value":4}
{"type":"perf.hot.count","rank":38,"name":"story.items.layout_items","value":2}
{"type":"perf.hot.count","rank":39,"name":"story.flowables.flowables","value":2}
{"type":"perf.hot.count","rank":40,"name":"pdf.link.fonts","value":2}
{"type":"perf.hot.count","rank":41,"name":"pdf.link.pages","value":2}
{"type":"perf.hot.count","rank":42,"name":"raster.pages","value":2}
{"type":"perf.hot.count","rank":43,"name":"pdf.link.extgstates","value":1}
{"type":"perf.hot.count","rank":44,"name":"pdf.link.shadings","value":0}
{"type":"perf.hot.count","rank":45,"name":"pdf.link.forms","value":0}
{"type":"perf.hot.count","rank":46,"name":"story.table.cell_style_cache_hit","value":0}
{"type":"perf.hot.count","rank":47,"name":"story.table.row_style_cache_hit","value":0}
{"type":"perf.hot.count","rank":48,"name":"doc.template_bindings","value":0}
{"type":"perf.hot.count","rank":49,"name":"pdf.link.images","value":0}
{"type":"perf.hot.count","rank":50,"name":"pdf.link.image_bytes","value":0}
