{"type":"perf.hot.span","rank":1,"name":"raster","unit":"ms","agg":"sum","ms":7163.867,"count":1,"avg_ms":7163.867}
{"type":"perf.hot.span","rank":2,"name":"layout.strategy","unit":"ms","agg":"sum","ms":2181.455,"count":2,"avg_ms":1090.727}
{"type":"perf.hot.span","rank":3,"name":"layout","unit":"ms","agg":"sum","ms":1395.032,"count":2,"avg_ms":697.516}
{"type":"perf.hot.span","rank":4,"name":"story","unit":"ms","agg":"sum","ms":763.271,"count":2,"avg_ms":381.636}
{"type":"perf.hot.span","rank":5,"name":"story.collect","unit":"ms","agg":"sum","ms":749.705,"count":2,"avg_ms":374.852}
{"type":"perf.hot.span","rank":6,"name":"layout.flex.draw","unit":"ms","agg":"sum","ms":413.281,"count":200,"avg_ms":2.066}
{"type":"perf.hot.span","rank":7,"name":"story.style.compute","unit":"ms","agg":"sum","ms":314.097,"count":1534,"avg_ms":0.205}
{"type":"perf.hot.span","rank":8,"name":"layout.text.wrap","unit":"ms","agg":"sum","ms":216.632,"count":1120,"avg_ms":0.193}
{"type":"perf.hot.span","rank":9,"name":"story.table","unit":"ms","agg":"sum","ms":121.370,"count":2,"avg_ms":60.685}
{"type":"perf.hot.span","rank":10,"name":"layout.flex.wrap","unit":"ms","agg":"sum","ms":71.147,"count":400,"avg_ms":0.178}
{"type":"perf.hot.span","rank":11,"name":"story.table.cell_style","unit":"ms","agg":"sum","ms":62.810,"count":2,"avg_ms":31.405}
{"type":"perf.hot.span","rank":12,"name":"layout.text.lines","unit":"ms","agg":"sum","ms":42.571,"count":1684,"avg_ms":0.025}
{"type":"perf.hot.span","rank":13,"name":"layout.text.draw","unit":"ms","agg":"sum","ms":19.290,"count":564,"avg_ms":0.034}
{"type":"perf.hot.span","rank":14,"name":"css.parse","unit":"ms","agg":"sum","ms":16.532,"count":2,"avg_ms":8.266}
{"type":"perf.hot.span","rank":15,"name":"story.parse_html","unit":"ms","agg":"sum","ms":10.874,"count":2,"avg_ms":5.437}
{"type":"perf.hot.span","rank":16,"name":"story.element_info","unit":"ms","agg":"sum","ms":5.157,"count":1534,"avg_ms":0.003}
{"type":"perf.hot.span","rank":17,"name":"pdf.link","unit":"ms","agg":"sum","ms":5.143,"count":1,"avg_ms":5.143}
{"type":"perf.hot.span","rank":18,"name":"layout.table.wrap","unit":"ms","agg":"sum","ms":5.025,"count":4,"avg_ms":1.256}
{"type":"perf.hot.span","rank":19,"name":"layout.tablecell.lines","unit":"ms","agg":"sum","ms":4.086,"count":234,"avg_ms":0.017}
{"type":"perf.hot.span","rank":20,"name":"layout.table.draw","unit":"ms","agg":"sum","ms":3.540,"count":2,"avg_ms":1.770}
{"type":"perf.hot.span","rank":21,"name":"story.table.row_style","unit":"ms","agg":"sum","ms":3.450,"count":2,"avg_ms":1.725}
{"type":"perf.hot.span","rank":22,"name":"story.table.cell_info","unit":"ms","agg":"sum","ms":0.900,"count":2,"avg_ms":0.450}
{"type":"perf.hot.span","rank":23,"name":"story.text.extract","unit":"ms","agg":"sum","ms":0.741,"count":332,"avg_ms":0.002}
{"type":"perf.hot.span","rank":24,"name":"plan","unit":"ms","agg":"sum","ms":0.632,"count":2,"avg_ms":0.316}
{"type":"perf.hot.span","rank":25,"name":"story.style.root","unit":"ms","agg":"sum","ms":0.578,"count":2,"avg_ms":0.289}
{"type":"perf.hot.span","rank":26,"name":"story.style.body","unit":"ms","agg":"sum","ms":0.365,"count":2,"avg_ms":0.182}
{"type":"perf.hot.span","rank":27,"name":"story.text.normalize","unit":"ms","agg":"sum","ms":0.312,"count":418,"avg_ms":0.001}
{"type":"perf.hot.span","rank":28,"name":"story.text.transform","unit":"ms","agg":"sum","ms":0.192,"count":558,"avg_ms":0.000}
{"type":"perf.hot.span","rank":29,"name":"story.table.cell_text","unit":"ms","agg":"sum","ms":0.108,"count":2,"avg_ms":0.054}
{"type":"perf.hot.span","rank":30,"name":"layout.inline.wrap","unit":"ms","agg":"sum","ms":0.059,"count":20,"avg_ms":0.003}
{"type":"perf.hot.span","rank":31,"name":"layout.inline.draw","unit":"ms","agg":"sum","ms":0.055,"count":10,"avg_ms":0.006}
{"type":"perf.hot.span","rank":32,"name":"story.glyph.report","unit":"ms","agg":"sum","ms":0.043,"count":558,"avg_ms":0.000}
{"type":"perf.hot.span","rank":33,"name":"story.table.row_info","unit":"ms","agg":"sum","ms":0.009,"count":2,"avg_ms":0.005}
{"type":"perf.hot.span","rank":34,"name":"finalize","unit":"ms","agg":"sum","ms":0.004,"count":2,"avg_ms":0.002}
{"type":"perf.hot.span","rank":35,"name":"story.table.glyph_report","unit":"ms","agg":"sum","ms":0.003,"count":2,"avg_ms":0.002}
{"type":"perf.hot.span","rank":36,"name":"story.flowables","unit":"ms","agg":"sum","ms":0.001,"count":2,"avg_ms":0.000}
{"type":"perf.hot.count","rank":1,"name":"pdf.link.bytes","value":988285}
{"type":"perf.hot.count","rank":2,"name":"pdf.link.content_stream_ratio_ppm","value":245327}
{"type":"perf.hot.count","rank":3,"name":"pdf.link.content_stream_raw_bytes","value":210144}
{"type":"perf.hot.count","rank":4,"name":"pdf.link.content_stream_encoded_bytes","value":51554}
{"type":"perf.hot.count","rank":5,"name":"doc.commands","value":22714}
{"type":"perf.hot.count","rank":6,"name":"layout.text.counts.bytes","value":22110}
{"type":"perf.hot.count","rank":7,"name":"css.parse.bytes","value":15862}
{"type":"perf.hot.count","rank":8,"name":"story.nodes.nodes","value":2596}
{"type":"perf.hot.count","rank":9,"name":"layout.text.width.cache_miss","value":1948}
{"type":"perf.hot.count","rank":10,"name":"story.nodes.elements","value":1796}
{"type":"perf.hot.count","rank":11,"name":"layout.text.counts.lines","value":1708}
{"type":"perf.hot.count","rank":12,"name":"story.elements.count","value":1534}
{"type":"perf.hot.count","rank":13,"name":"layout.flex.counts.items","value":1156}
{"type":"perf.hot.count","rank":14,"name":"layout.text.counts.cache_hit","value":1120}
{"type":"perf.hot.count","rank":15,"name":"story.attrs.count","value":1030}
{"type":"perf.hot.count","rank":16,"name":"story.classes.count","value":1030}
{"type":"perf.hot.count","rank":17,"name":"layout.text.width.cache_hit","value":978}
{"type":"perf.hot.count","rank":18,"name":"layout.text.counts.cache_miss","value":564}
{"type":"perf.hot.count","rank":19,"name":"layout.flex.counts.lines","value":468}
{"type":"perf.hot.count","rank":20,"name":"story.text_nodes.count","value":418}
{"type":"perf.hot.count","rank":21,"name":"layout.tablecell.width.cache_miss","value":276}
{"type":"perf.hot.count","rank":22,"name":"story.table.cells","value":234}
{"type":"perf.hot.count","rank":23,"name":"story.table.cell_info_calls","value":234}
{"type":"perf.hot.count","rank":24,"name":"story.table.cell_style_cache_miss","value":234}
{"type":"perf.hot.count","rank":25,"name":"layout.tablecell.counts.lines","value":234}
{"type":"perf.hot.count","rank":26,"name":"layout.tablecell.counts.cache_miss","value":234}
{"type":"perf.hot.count","rank":27,"name":"story.inline_style.count","value":194}
{"type":"perf.hot.count","rank":28,"name":"layout.tablecell.counts.bytes","value":180}
{"type":"perf.hot.count","rank":29,"name":"story.table.text_chars","value":180}
{"type":"perf.hot.count","rank":30,"name":"pdf.link.shadings","value":169}
{"type":"perf.hot.count","rank":31,"name":"layout.table.counts.cols","value":52}
{"type":"perf.hot.count","rank":32,"name":"story.table.glyph_report_calls","value":42}
{"type":"perf.hot.count","rank":33,"name":"layout.tablecell.width.cache_hit","value":42}
{"type":"perf.hot.count","rank":34,"name":"layout.table.counts.body_rows","value":32}
{"type":"perf.hot.count","rank":35,"name":"layout.inline.counts.items","value":20}
{"type":"perf.hot.count","rank":36,"name":"story.table.row_style_cache_miss","value":18}
{"type":"perf.hot.count","rank":37,"name":"pdf.link.extgstates","value":18}
{"type":"perf.hot.count","rank":38,"name":"story.table.rows","value":18}
{"type":"perf.hot.count","rank":39,"name":"story.table.row_info_calls","value":18}
{"type":"perf.hot.count","rank":40,"name":"doc.pages","value":6}
{"type":"perf.hot.count","rank":41,"name":"layout.table.counts.header_rows","value":4}
{"type":"perf.hot.count","rank":42,"name":"pdf.link.pages","value":3}
{"type":"perf.hot.count","rank":43,"name":"raster.pages","value":3}
{"type":"perf.hot.count","rank":44,"name":"pdf.link.content_stream_compressed","value":3}
{"type":"perf.hot.count","rank":45,"name":"story.items.layout_items","value":2}
{"type":"perf.hot.count","rank":46,"name":"story.flowables.flowables","value":2}
{"type":"perf.hot.count","rank":47,"name":"layout.strategy.converged","value":2}
{"type":"perf.hot.count","rank":48,"name":"layout.strategy.passes","value":2}
{"type":"perf.hot.count","rank":49,"name":"layout.strategy.pass_limit","value":2}
{"type":"perf.hot.count","rank":50,"name":"pdf.link.fonts","value":1}
{"type":"perf.hot.count","rank":51,"name":"layout.strategy.budget_hit","value":0}
{"type":"perf.hot.count","rank":52,"name":"doc.template_bindings","value":0}
{"type":"perf.hot.count","rank":53,"name":"story.table.row_style_cache_hit","value":0}
{"type":"perf.hot.count","rank":54,"name":"pdf.link.images","value":0}
{"type":"perf.hot.count","rank":55,"name":"story.table.cell_style_cache_hit","value":0}
{"type":"perf.hot.count","rank":56,"name":"pdf.link.image_bytes","value":0}
{"type":"perf.hot.count","rank":57,"name":"pdf.link.forms","value":0}
