{"type":"jit.known_loss","doc_id":0,"code":"PAGE_SIZE_OVERRIDDEN","runtime":{"w":288.000,"h":288.000},"css":{"w":288.000,"h":288.000}}
{"type":"jit.page_setup","doc_id":0,"page_size":{"w":288.000,"h":288.000},"margins":{"top":0.000,"right":0.000,"bottom":0.000,"left":0.000},"css":{"size_present":true,"margin_present":true}}
{"type":"css.rule","selector":"body","parsed":true}
{"type":"css.rule","selector":"h1","parsed":true}
{"type":"css.rule","selector":"h2","parsed":true}
{"type":"css.rule","selector":"h3","parsed":true}
{"type":"css.rule","selector":"h4","parsed":true}
{"type":"css.rule","selector":"h5","parsed":true}
{"type":"css.rule","selector":"h6","parsed":true}
{"type":"css.rule","selector":"pre","parsed":true}
{"type":"css.rule","selector":"code","parsed":true}
{"type":"css.rule","selector":"kbd","parsed":true}
{"type":"css.rule","selector":"samp","parsed":true}
{"type":"css.rule","selector":"tt","parsed":true}
{"type":"css.rule","selector":"span","parsed":true}
{"type":"css.rule","selector":"a","parsed":true}
{"type":"css.rule","selector":"em","parsed":true}
{"type":"css.rule","selector":"strong","parsed":true}
{"type":"css.rule","selector":"i","parsed":true}
{"type":"css.rule","selector":"b","parsed":true}
{"type":"css.rule","selector":"u","parsed":true}
{"type":"css.rule","selector":"small","parsed":true}
{"type":"css.rule","selector":"label","parsed":true}
{"type":"css.rule","selector":"svg","parsed":true}
{"type":"css.rule","selector":"img","parsed":true}
{"type":"css.rule","selector":"div","parsed":true}
{"type":"css.rule","selector":"p","parsed":true}
{"type":"css.rule","selector":"section","parsed":true}
{"type":"css.rule","selector":"article","parsed":true}
{"type":"css.rule","selector":"header","parsed":true}
{"type":"css.rule","selector":"footer","parsed":true}
{"type":"css.rule","selector":"aside","parsed":true}
{"type":"css.rule","selector":"nav","parsed":true}
{"type":"css.rule","selector":"main","parsed":true}
{"type":"css.rule","selector":"blockquote","parsed":true}
{"type":"css.rule","selector":"h1","parsed":true}
{"type":"css.rule","selector":"h2","parsed":true}
{"type":"css.rule","selector":"h3","parsed":true}
{"type":"css.rule","selector":"h4","parsed":true}
{"type":"css.rule","selector":"h5","parsed":true}
{"type":"css.rule","selector":"h6","parsed":true}
{"type":"css.rule","selector":"ul","parsed":true}
{"type":"css.rule","selector":"ol","parsed":true}
{"type":"css.rule","selector":"dl","parsed":true}
{"type":"css.rule","selector":"dt","parsed":true}
{"type":"css.rule","selector":"dd","parsed":true}
{"type":"css.rule","selector":"li","parsed":true}
{"type":"css.rule","selector":"table","parsed":true}
{"type":"css.rule","selector":"thead","parsed":true}
{"type":"css.rule","selector":"tbody","parsed":true}
{"type":"css.rule","selector":"tfoot","parsed":true}
{"type":"css.rule","selector":"tr","parsed":true}
{"type":"css.rule","selector":"td","parsed":true}
{"type":"css.rule","selector":"th","parsed":true}
{"type":"css.rule","selector":"pre","parsed":true}
{"type":"css.rule","selector":"hr","parsed":true}
{"type":"css.rule","selector":"table","parsed":true}
{"type":"css.custom","name":"break-inside","value":"avoid","tokens":"avoid"}
{"type":"css.rule","selector":"thead","parsed":true}
{"type":"css.custom","name":"break-inside","value":"avoid","tokens":"avoid"}
{"type":"css.rule","selector":"body","parsed":true}
{"type":"css.rule","selector":".fill","parsed":true}
{"type":"css.flags","has_positional_selectors":false,"has_sibling_selectors":false}
{"type":"css.media.prefer_print","enabled":false}
{"type":"jit.css","doc_id":0,"css_ms":20.735,"bytes":131}
{"type":"css.computed","node":"html:nth-child(1)","style":{"display":"Inline","position":"Static","font_size":12.000,"line_height":14.400,"font_weight":400,"font_style":"Normal","text_transform":"None","transform":"none","transform_origin":"50.000% 50.000%","text_decoration":"none","text_overflow":"Clip","text_align":"Left","vertical_align":"Top","white_space":"Normal","list_style_type":"Auto","color":"#000000","background":null,"border_width":"0.000pt 0.000pt 0.000pt 0.000pt","border_color":null,"border_collapse":"Separate","caption_side":"Top","border_spacing":"0.000pt 0.000pt","border_radius":"0.000pt 0.000pt 0.000pt 0.000pt","margin":"0.000pt 0.000pt 0.000pt 0.000pt","padding":"0.000pt 0.000pt 0.000pt 0.000pt","width":"auto","max_width":"auto","min_width":"auto","height":"auto","min_height":"auto","max_height":"auto","box_sizing":"ContentBox","inset_left":"auto","inset_top":"auto","inset_right":"auto","inset_bottom":"auto","gap":"0.000pt","grid_columns":null,"flex_wrap":"NoWrap","flex_basis":"auto","order":0,"flex_grow":0.000,"flex_shrink":1.000,"overflow":"Visible"},"vars_unresolved":[]}
{"type":"css.match","node":"html:nth-child(1) > body:nth-child(2)","selectors":["body","body"]}
{"type":"css.computed","node":"html:nth-child(1) > body:nth-child(2)","style":{"display":"Inline","position":"Static","font_size":12.000,"line_height":14.400,"font_weight":400,"font_style":"Normal","text_transform":"None","transform":"none","transform_origin":"50.000% 50.000%","text_decoration":"none","text_overflow":"Clip","text_align":"Left","vertical_align":"Top","white_space":"Normal","list_style_type":"Auto","color":"#000000","background":"#dddddd","border_width":"0.000pt 0.000pt 0.000pt 0.000pt","border_color":null,"border_collapse":"Separate","caption_side":"Top","border_spacing":"0.000pt 0.000pt","border_radius":"0.000pt 0.000pt 0.000pt 0.000pt","margin":"0.000pt 0.000pt 0.000pt 0.000pt","padding":"0.000pt 0.000pt 0.000pt 0.000pt","width":"auto","max_width":"auto","min_width":"auto","height":"auto","min_height":"auto","max_height":"auto","box_sizing":"ContentBox","inset_left":"auto","inset_top":"auto","inset_right":"auto","inset_bottom":"auto","gap":"0.000pt","grid_columns":null,"flex_wrap":"NoWrap","flex_basis":"auto","order":0,"flex_grow":0.000,"flex_shrink":1.000,"overflow":"Visible"},"vars_unresolved":[]}
{"type":"css.match","node":"html:nth-child(1) > body:nth-child(2) > div.fill:nth-child(1)","selectors":["div",".fill"]}
{"type":"css.computed","node":"html:nth-child(1) > body:nth-child(2) > div.fill:nth-child(1)","style":{"display":"Block","position":"Static","font_size":12.000,"line_height":14.400,"font_weight":400,"font_style":"Normal","text_transform":"None","transform":"none","transform_origin":"50.000% 50.000%","text_decoration":"none","text_overflow":"Clip","text_align":"Left","vertical_align":"Top","white_space":"Normal","list_style_type":"Auto","color":"#000000","background":"#ff0000","border_width":"0.000pt 0.000pt 0.000pt 0.000pt","border_color":null,"border_collapse":"Separate","caption_side":"Top","border_spacing":"0.000pt 0.000pt","border_radius":"0.000pt 0.000pt 0.000pt 0.000pt","margin":"0.000pt 0.000pt 0.000pt 0.000pt","padding":"0.000pt 0.000pt 0.000pt 0.000pt","width":"200.000pt","max_width":"auto","min_width":"auto","height":"40.000pt","min_height":"auto","max_height":"auto","box_sizing":"ContentBox","inset_left":"auto","inset_top":"auto","inset_right":"auto","inset_bottom":"auto","gap":"0.000pt","grid_columns":null,"flex_wrap":"NoWrap","flex_basis":"auto","order":0,"flex_grow":0.000,"flex_shrink":1.000,"overflow":"Visible"},"vars_unresolved":[]}
{"type":"jit.metrics","doc_id":0,"mode":"off","pdf_version":"1.7","pdf_profile":"none","timing_ms":{"story":0.463,"layout":0.022,"plan":0.006,"finalize":0.005},"counts":{"pages":1,"commands":1,"overlay_commands":0,"form_defs":0,"form_draws":0,"svg_form_defs":0,"svg_form_draws":0,"paintables":0,"placements":0,"page_data_entries":0}}
{"type":"jit.fonts","docs":[]}
{"type":"jit.link","ms":8.140,"bytes":581,"pages":1,"fonts":0,"images":0,"forms":0,"shadings":0,"extgstates":0,"image_bytes":0,"content_stream_raw_bytes":0,"content_stream_encoded_bytes":0,"content_stream_compressed":0,"content_stream_ratio_ppm":1000000}
{"type":"debug.summary","context":"render_to_writer","counts":{"jit.known_loss.page_size_overridden":1,"jit.page_margin.css_overridden":1}}
