{"type":"perf.hot.span","rank":1,"name":"css.parse","unit":"ms","agg":"sum","ms":20.739,"count":1,"avg_ms":20.739}
{"type":"perf.hot.span","rank":2,"name":"pdf.link","unit":"ms","agg":"sum","ms":8.140,"count":1,"avg_ms":8.140}
{"type":"perf.hot.span","rank":3,"name":"story","unit":"ms","agg":"sum","ms":0.463,"count":1,"avg_ms":0.463}
{"type":"perf.hot.span","rank":4,"name":"story.style.root","unit":"ms","agg":"sum","ms":0.178,"count":1,"avg_ms":0.178}
{"type":"perf.hot.span","rank":5,"name":"story.collect","unit":"ms","agg":"sum","ms":0.135,"count":1,"avg_ms":0.135}
{"type":"perf.hot.span","rank":6,"name":"story.style.compute","unit":"ms","agg":"sum","ms":0.064,"count":1,"avg_ms":0.064}
{"type":"perf.hot.span","rank":7,"name":"story.style.body","unit":"ms","agg":"sum","ms":0.060,"count":1,"avg_ms":0.060}
{"type":"perf.hot.span","rank":8,"name":"story.parse_html","unit":"ms","agg":"sum","ms":0.025,"count":1,"avg_ms":0.025}
{"type":"perf.hot.span","rank":9,"name":"layout","unit":"ms","agg":"sum","ms":0.022,"count":1,"avg_ms":0.022}
{"type":"perf.hot.span","rank":10,"name":"story.element_info","unit":"ms","agg":"sum","ms":0.013,"count":1,"avg_ms":0.013}
{"type":"perf.hot.span","rank":11,"name":"plan","unit":"ms","agg":"sum","ms":0.006,"count":1,"avg_ms":0.006}
{"type":"perf.hot.span","rank":12,"name":"finalize","unit":"ms","agg":"sum","ms":0.005,"count":1,"avg_ms":0.005}
{"type":"perf.hot.span","rank":13,"name":"story.flowables","unit":"ms","agg":"sum","ms":0.003,"count":1,"avg_ms":0.003}
{"type":"perf.hot.count","rank":1,"name":"pdf.link.content_stream_ratio_ppm","value":1000000}
{"type":"perf.hot.count","rank":2,"name":"pdf.link.bytes","value":581}
{"type":"perf.hot.count","rank":3,"name":"css.parse.bytes","value":131}
{"type":"perf.hot.count","rank":4,"name":"story.nodes.nodes","value":5}
{"type":"perf.hot.count","rank":5,"name":"story.nodes.elements","value":4}
{"type":"perf.hot.count","rank":6,"name":"pdf.link.pages","value":1}
{"type":"perf.hot.count","rank":7,"name":"story.classes.count","value":1}
{"type":"perf.hot.count","rank":8,"name":"story.elements.count","value":1}
{"type":"perf.hot.count","rank":9,"name":"doc.pages","value":1}
{"type":"perf.hot.count","rank":10,"name":"story.attrs.count","value":1}
{"type":"perf.hot.count","rank":11,"name":"doc.commands","value":1}
{"type":"perf.hot.count","rank":12,"name":"pdf.link.forms","value":0}
{"type":"perf.hot.count","rank":13,"name":"pdf.link.image_bytes","value":0}
{"type":"perf.hot.count","rank":14,"name":"story.flowables.flowables","value":0}
{"type":"perf.hot.count","rank":15,"name":"pdf.link.content_stream_raw_bytes","value":0}
{"type":"perf.hot.count","rank":16,"name":"doc.template_bindings","value":0}
{"type":"perf.hot.count","rank":17,"name":"story.items.layout_items","value":0}
{"type":"perf.hot.count","rank":18,"name":"pdf.link.content_stream_compressed","value":0}
{"type":"perf.hot.count","rank":19,"name":"pdf.link.shadings","value":0}
{"type":"perf.hot.count","rank":20,"name":"pdf.link.fonts","value":0}
{"type":"perf.hot.count","rank":21,"name":"pdf.link.content_stream_encoded_bytes","value":0}
{"type":"perf.hot.count","rank":22,"name":"pdf.link.images","value":0}
{"type":"perf.hot.count","rank":23,"name":"pdf.link.extgstates","value":0}
