{"type":"perf.hot.span","rank":1,"name":"layout.strategy","unit":"ms","agg":"sum","ms":216730.735,"count":1,"avg_ms":216730.735}
{"type":"perf.hot.span","rank":2,"name":"layout","unit":"ms","agg":"sum","ms":135226.583,"count":1,"avg_ms":135226.583}
{"type":"perf.hot.span","rank":3,"name":"story","unit":"ms","agg":"sum","ms":80090.484,"count":1,"avg_ms":80090.484}
{"type":"perf.hot.span","rank":4,"name":"story.collect","unit":"ms","agg":"sum","ms":76917.161,"count":1,"avg_ms":76917.161}
{"type":"perf.hot.span","rank":5,"name":"layout.flex.wrap","unit":"ms","agg":"sum","ms":75218.297,"count":6200,"avg_ms":12.132}
{"type":"perf.hot.span","rank":6,"name":"layout.flex.draw","unit":"ms","agg":"sum","ms":57326.008,"count":3100,"avg_ms":18.492}
{"type":"perf.hot.span","rank":7,"name":"layout.text.wrap","unit":"ms","agg":"sum","ms":37029.186,"count":45800,"avg_ms":0.808}
{"type":"perf.hot.span","rank":8,"name":"layout.text.lines","unit":"ms","agg":"sum","ms":36285.052,"count":68000,"avg_ms":0.534}
{"type":"perf.hot.span","rank":9,"name":"story.style.compute","unit":"ms","agg":"sum","ms":28797.495,"count":38801,"avg_ms":0.742}
{"type":"perf.hot.span","rank":10,"name":"layout.text.draw","unit":"ms","agg":"sum","ms":24093.642,"count":22200,"avg_ms":1.085}
{"type":"perf.hot.span","rank":11,"name":"story.parse_html","unit":"ms","agg":"sum","ms":2978.691,"count":1,"avg_ms":2978.691}
{"type":"perf.hot.span","rank":12,"name":"story.element_info","unit":"ms","agg":"sum","ms":2840.603,"count":38801,"avg_ms":0.073}
{"type":"perf.hot.span","rank":13,"name":"layout.inline.draw","unit":"ms","agg":"sum","ms":1891.341,"count":1400,"avg_ms":1.351}
{"type":"perf.hot.span","rank":14,"name":"layout.table.wrap","unit":"ms","agg":"sum","ms":1266.451,"count":200,"avg_ms":6.332}
{"type":"perf.hot.span","rank":15,"name":"layout.tablecell.lines","unit":"ms","agg":"sum","ms":1217.380,"count":1200,"avg_ms":1.014}
{"type":"perf.hot.span","rank":16,"name":"layout.inline.wrap","unit":"ms","agg":"sum","ms":1098.979,"count":2800,"avg_ms":0.392}
{"type":"perf.hot.span","rank":17,"name":"layout.table.draw","unit":"ms","agg":"sum","ms":611.315,"count":100,"avg_ms":6.113}
{"type":"perf.hot.span","rank":18,"name":"story.table","unit":"ms","agg":"sum","ms":461.609,"count":100,"avg_ms":4.616}
{"type":"perf.hot.span","rank":19,"name":"story.table.cell_style","unit":"ms","agg":"sum","ms":247.729,"count":100,"avg_ms":2.477}
{"type":"perf.hot.span","rank":20,"name":"story.table.row_style","unit":"ms","agg":"sum","ms":146.423,"count":100,"avg_ms":1.464}
{"type":"perf.hot.span","rank":21,"name":"pdf.link","unit":"ms","agg":"sum","ms":54.189,"count":1,"avg_ms":54.189}
{"type":"perf.hot.span","rank":22,"name":"story.text.extract","unit":"ms","agg":"sum","ms":37.580,"count":1800,"avg_ms":0.021}
{"type":"perf.hot.span","rank":23,"name":"css.parse","unit":"ms","agg":"sum","ms":29.594,"count":1,"avg_ms":29.594}
{"type":"perf.hot.span","rank":24,"name":"story.table.cell_info","unit":"ms","agg":"sum","ms":24.913,"count":100,"avg_ms":0.249}
{"type":"perf.hot.span","rank":25,"name":"story.text.normalize","unit":"ms","agg":"sum","ms":21.807,"count":1400,"avg_ms":0.016}
{"type":"perf.hot.span","rank":26,"name":"story.text.transform","unit":"ms","agg":"sum","ms":8.001,"count":3200,"avg_ms":0.003}
{"type":"perf.hot.span","rank":27,"name":"story.glyph.report","unit":"ms","agg":"sum","ms":3.853,"count":3200,"avg_ms":0.001}
{"type":"perf.hot.span","rank":28,"name":"story.table.cell_text","unit":"ms","agg":"sum","ms":3.649,"count":100,"avg_ms":0.036}
{"type":"perf.hot.span","rank":29,"name":"story.style.root","unit":"ms","agg":"sum","ms":0.952,"count":1,"avg_ms":0.952}
{"type":"perf.hot.span","rank":30,"name":"story.table.row_info","unit":"ms","agg":"sum","ms":0.577,"count":100,"avg_ms":0.006}
{"type":"perf.hot.span","rank":31,"name":"story.style.body","unit":"ms","agg":"sum","ms":0.565,"count":1,"avg_ms":0.565}
{"type":"perf.hot.span","rank":32,"name":"plan","unit":"ms","agg":"sum","ms":0.307,"count":1,"avg_ms":0.307}
{"type":"perf.hot.span","rank":33,"name":"story.table.glyph_report","unit":"ms","agg":"sum","ms":0.253,"count":100,"avg_ms":0.003}
{"type":"perf.hot.span","rank":34,"name":"story.flowables","unit":"ms","agg":"sum","ms":0.004,"count":1,"avg_ms":0.004}
{"type":"perf.hot.span","rank":35,"name":"finalize","unit":"ms","agg":"sum","ms":0.001,"count":1,"avg_ms":0.001}
{"type":"perf.hot.count","rank":1,"name":"pdf.link.content_stream_raw_bytes","value":5944554}
{"type":"perf.hot.count","rank":2,"name":"pdf.link.bytes","value":2503187}
{"type":"perf.hot.count","rank":3,"name":"pdf.link.content_stream_encoded_bytes","value":1334054}
{"type":"perf.hot.count","rank":4,"name":"layout.text.counts.bytes","value":486150}
{"type":"perf.hot.count","rank":5,"name":"doc.commands","value":251251}
{"type":"perf.hot.count","rank":6,"name":"pdf.link.content_stream_ratio_ppm","value":224416}
{"type":"perf.hot.count","rank":7,"name":"layout.text.counts.lines","value":68000}
{"type":"perf.hot.count","rank":8,"name":"story.nodes.nodes","value":62005}
{"type":"perf.hot.count","rank":9,"name":"layout.text.width.cache_miss","value":50100}
{"type":"perf.hot.count","rank":10,"name":"layout.text.counts.cache_hit","value":45800}
{"type":"perf.hot.count","rank":11,"name":"story.nodes.elements","value":39404}
{"type":"perf.hot.count","rank":12,"name":"story.elements.count","value":38801}
{"type":"perf.hot.count","rank":13,"name":"story.classes.count","value":30401}
{"type":"perf.hot.count","rank":14,"name":"story.attrs.count","value":30401}
{"type":"perf.hot.count","rank":15,"name":"layout.flex.counts.items","value":26400}
{"type":"perf.hot.count","rank":16,"name":"layout.text.width.cache_hit","value":26400}
{"type":"perf.hot.count","rank":17,"name":"layout.text.counts.cache_miss","value":22200}
{"type":"perf.hot.count","rank":18,"name":"layout.tablecell.counts.bytes","value":20100}
{"type":"perf.hot.count","rank":19,"name":"layout.flex.counts.lines","value":10200}
{"type":"perf.hot.count","rank":20,"name":"story.table.text_chars","value":6700}
{"type":"perf.hot.count","rank":21,"name":"css.parse.bytes","value":4056}
{"type":"perf.hot.count","rank":22,"name":"layout.inline.counts.items","value":2800}
{"type":"perf.hot.count","rank":23,"name":"layout.tablecell.width.cache_miss","value":1800}
{"type":"perf.hot.count","rank":24,"name":"story.text_nodes.count","value":1400}
{"type":"perf.hot.count","rank":25,"name":"story.inline_style.count","value":1400}
{"type":"perf.hot.count","rank":26,"name":"layout.tablecell.counts.lines","value":1200}
{"type":"perf.hot.count","rank":27,"name":"pdf.link.shadings","value":861}
{"type":"perf.hot.count","rank":28,"name":"layout.tablecell.counts.cache_hit","value":800}
{"type":"perf.hot.count","rank":29,"name":"layout.table.counts.cols","value":800}
{"type":"perf.hot.count","rank":30,"name":"story.table.glyph_report_calls","value":400}
{"type":"perf.hot.count","rank":31,"name":"layout.tablecell.counts.cache_miss","value":400}
{"type":"perf.hot.count","rank":32,"name":"story.table.cells","value":400}
{"type":"perf.hot.count","rank":33,"name":"story.table.cell_style_cache_miss","value":400}
{"type":"perf.hot.count","rank":34,"name":"story.table.cell_info_calls","value":400}
{"type":"perf.hot.count","rank":35,"name":"layout.table.counts.body_rows","value":200}
{"type":"perf.hot.count","rank":36,"name":"story.table.rows","value":100}
{"type":"perf.hot.count","rank":37,"name":"layout.tablecell.width.cache_hit","value":100}
{"type":"perf.hot.count","rank":38,"name":"pdf.link.pages","value":100}
{"type":"perf.hot.count","rank":39,"name":"story.table.row_style_cache_miss","value":100}
{"type":"perf.hot.count","rank":40,"name":"pdf.link.content_stream_compressed","value":100}
{"type":"perf.hot.count","rank":41,"name":"story.table.row_info_calls","value":100}
{"type":"perf.hot.count","rank":42,"name":"doc.pages","value":100}
{"type":"perf.hot.count","rank":43,"name":"pdf.link.extgstates","value":7}
{"type":"perf.hot.count","rank":44,"name":"story.flowables.flowables","value":1}
{"type":"perf.hot.count","rank":45,"name":"story.items.layout_items","value":1}
{"type":"perf.hot.count","rank":46,"name":"layout.strategy.passes","value":1}
{"type":"perf.hot.count","rank":47,"name":"layout.strategy.pass_limit","value":1}
{"type":"perf.hot.count","rank":48,"name":"layout.strategy.converged","value":1}
{"type":"perf.hot.count","rank":49,"name":"pdf.link.fonts","value":1}
{"type":"perf.hot.count","rank":50,"name":"story.table.cell_style_cache_hit","value":0}
{"type":"perf.hot.count","rank":51,"name":"pdf.link.images","value":0}
{"type":"perf.hot.count","rank":52,"name":"pdf.link.image_bytes","value":0}
{"type":"perf.hot.count","rank":53,"name":"story.table.row_style_cache_hit","value":0}
{"type":"perf.hot.count","rank":54,"name":"doc.template_bindings","value":0}
{"type":"perf.hot.count","rank":55,"name":"pdf.link.forms","value":0}
{"type":"perf.hot.count","rank":56,"name":"layout.strategy.budget_hit","value":0}
{"type":"perf.hot.count","rank":57,"name":"layout.table.counts.header_rows","value":0}
